0 info it worked if it ends with ok
1 verbose cli [ 'node', '/usr/local/bin/npm', 'install', 'child_process' ]
2 info using npm@2.1.10
3 info using node@v0.10.33
4 verbose node symlink /usr/local/bin/node
5 silly cache add args [ 'child_process', null ]
6 verbose cache add spec child_process
7 silly cache add parsed spec { raw: 'child_process',
7 silly cache add   scope: null,
7 silly cache add   name: 'child_process',
7 silly cache add   rawSpec: '',
7 silly cache add   spec: '*',
7 silly cache add   type: 'range' }
8 verbose addNamed child_process@*
9 silly addNamed semver.valid null
10 silly addNamed semver.validRange *
11 silly addNameRange { name: 'child_process', range: '*', hasData: false }
12 silly mapToRegistry name child_process
13 silly mapToRegistry using default registry
14 silly mapToRegistry registry https://registry.npmjs.org/
15 silly mapToRegistry uri https://registry.npmjs.org/child_process
16 verbose addNameRange registry:https://registry.npmjs.org/child_process not in flight; fetching
17 verbose request uri https://registry.npmjs.org/child_process
18 verbose request no auth needed
19 info attempt registry request try #1 at 14:18:11
20 verbose request id 617796b6b7024513
21 http request GET https://registry.npmjs.org/child_process
22 http 404 https://registry.npmjs.org/child_process
23 silly get cb [ 404,
23 silly get   { 'content-type': 'application/json',
23 silly get     'cache-control': 'max-age=0',
23 silly get     'content-length': '2',
23 silly get     'accept-ranges': 'bytes',
23 silly get     date: 'Sat, 03 Oct 2015 05:18:10 GMT',
23 silly get     via: '1.1 varnish',
23 silly get     age: '0',
23 silly get     connection: 'keep-alive',
23 silly get     'x-served-by': 'cache-nrt6121-NRT',
23 silly get     'x-cache': 'MISS',
23 silly get     'x-cache-hits': '0',
23 silly get     'x-timer': 'S1443849490.021352,VS0,VE738' } ]
24 verbose stack Error: Not Found
24 verbose stack     at errorResponse (/usr/local/lib/node_modules/npm/lib/cache/add-named.js:268:10)
24 verbose stack     at setData (/usr/local/lib/node_modules/npm/lib/cache/add-named.js:211:12)
24 verbose stack     at RES (/usr/local/lib/node_modules/npm/node_modules/inflight/inflight.js:23:14)
24 verbose stack     at f (/usr/local/lib/node_modules/npm/node_modules/once/once.js:17:25)
24 verbose stack     at saved (/usr/local/lib/node_modules/npm/lib/cache/caching-client.js:163:7)
24 verbose stack     at Object.oncomplete (fs.js:107:15)
25 verbose statusCode 404
26 verbose pkgid child_process
27 verbose cwd /Users/fuminori/Desktop/shock/server
28 error Darwin 14.4.0
29 error argv "node" "/usr/local/bin/npm" "install" "child_process"
30 error node v0.10.33
31 error npm  v2.1.10
32 error code E404
33 error 404 Not Found
33 error 404
33 error 404 'child_process' is not in the npm registry.
33 error 404 You should bug the author to publish it (or use the name yourself!)
33 error 404
33 error 404 Note that you can also install from a
33 error 404 tarball, folder, http url, or git url.
34 verbose exit [ 1, true ]
